0 info it worked if it ends with ok
1 verbose cli [ '/Users/abigailwatson/.meteor/packages/meteor-tool/.1.4.2_3.1wisbyz++os.osx.x86_64+web.browser+web.cordova/mt-os.osx.x86_64/dev_bundle/bin/node',
1 verbose cli   '/Users/abigailwatson/.meteor/packages/meteor-tool/.1.4.2_3.1wisbyz++os.osx.x86_64+web.browser+web.cordova/mt-os.osx.x86_64/dev_bundle/bin/npm',
1 verbose cli   'run-script',
1 verbose cli   'nightwatch' ]
2 info using npm@3.10.9
3 info using node@v4.6.2
4 verbose stack Error: ENOENT: no such file or directory, open '/Users/abigailwatson/Code/SoftwareDevelopmentKit/meteor-desktop-on-fhir/package.json'
4 verbose stack     at Error (native)
5 verbose cwd /Users/abigailwatson/Code/SoftwareDevelopmentKit/meteor-desktop-on-fhir
6 error Darwin 15.5.0
7 error argv "/Users/abigailwatson/.meteor/packages/meteor-tool/.1.4.2_3.1wisbyz++os.osx.x86_64+web.browser+web.cordova/mt-os.osx.x86_64/dev_bundle/bin/node" "/Users/abigailwatson/.meteor/packages/meteor-tool/.1.4.2_3.1wisbyz++os.osx.x86_64+web.browser+web.cordova/mt-os.osx.x86_64/dev_bundle/bin/npm" "run-script" "nightwatch"
8 error node v4.6.2
9 error npm  v3.10.9
10 error path /Users/abigailwatson/Code/SoftwareDevelopmentKit/meteor-desktop-on-fhir/package.json
11 error code ENOENT
12 error errno -2
13 error syscall open
14 error enoent ENOENT: no such file or directory, open '/Users/abigailwatson/Code/SoftwareDevelopmentKit/meteor-desktop-on-fhir/package.json'
15 error enoent ENOENT: no such file or directory, open '/Users/abigailwatson/Code/SoftwareDevelopmentKit/meteor-desktop-on-fhir/package.json'
15 error enoent This is most likely not a problem with npm itself
15 error enoent and is related to npm not being able to find a file.
16 verbose exit [ -2, true ]
